This is pdfTeX, Version 3.141592653-2.6-1.40.26 (TeX Live 2024/Arch Linux) (preloaded format=pdflatex 2025.1.2)  2 JAN 2025 21:52
entering extended mode
 restricted \write18 enabled.
 %&-line parsing enabled.
**q14.tex
(./q14.tex
LaTeX2e <2023-11-01> patch level 1
L3 programming layer <2024-02-20>

! LaTeX Error: File `IEEEtran.cls' not found.

Type X to quit or <RETURN> to proceed,
or enter new name. (Default extension: cls)

Enter file name: x

! Emergency stop.
<read *> 
         
l.4 \usepackage
               [a5paper, margin=10mm, onecolumn]{geometry}
*** (cannot \read from terminal in nonstop modes)

 
Here is how much of TeX's memory you used:
 22 strings out of 476076
 467 string characters out of 5793776
 1925187 words of memory out of 5000000
 22229 multiletter control sequences out of 15000+600000
 558069 words of font info for 36 fonts, out of 8000000 for 9000
 14 hyphenation exceptions out of 8191
 19i,0n,29p,97b,17s stack positions out of 10000i,1000n,20000p,200000b,200000s
!  ==> Fatal error occurred, no output PDF file produced!
